15:44:44.832  DEBUG  wezterm_gui::sidebar::ai_sidebar                > Rendering activity log: 24 items filtered, 24 items rendered
15:44:44.844  DEBUG  wezterm_gui::sidebar::ai_sidebar                > Rendering activity log: 24 items filtered, 24 items rendered
15:44:44.852  DEBUG  wezterm_gui::sidebar::ai_sidebar                > Rendering activity log: 24 items filtered, 24 items rendered
15:44:44.890  DEBUG  wezterm_gui::sidebar::ai_sidebar                 > Rendering activity log: 24 items filtered, 24 items rendered
15:44:44.941  DEBUG  wezterm_gui::sidebar::ai_sidebar                 > Rendering activity log: 24 items filtered, 24 items rendered
15:44:44.950  DEBUG  wezterm_gui::sidebar::ai_sidebar                 > Rendering activity log: 24 items filtered, 24 items rendered
15:44:44.959  DEBUG  wezterm_gui::sidebar::ai_sidebar                 > Rendering activity log: 24 items filtered, 24 items rendered
15:44:45.258  DEBUG  wezterm_gui::sidebar::ai_sidebar                 > Rendering activity log: 24 items filtered, 24 items rendered
15:44:45.367  DEBUG  wezterm_gui::sidebar::ai_sidebar                 > Rendering activity log: 24 items filtered, 24 items rendered
15:44:45.417  DEBUG  wezterm_gui::sidebar::ai_sidebar                 > Rendering activity log: 24 items filtered, 24 items rendered
15:44:46.328  DEBUG  wezterm_gui::sidebar::ai_sidebar                 > Rendering activity log: 24 items filtered, 24 items rendered
16:03:13.574  DEBUG  wezterm_gui::sidebar::ai_sidebar                 > Rendering activity log: 24 items filtered, 24 items rendered
16:03:13.978  DEBUG  wezterm_gui::sidebar::ai_sidebar                 > Rendering activity log: 24 items filtered, 24 items rendered
16:03:14.777  DEBUG  wezterm_gui::sidebar::ai_sidebar                 > Checking suggestion click: content_length=452, estimated_lines=11, needs_show_more=true
16:03:14.777  INFO   wezterm_gui::sidebar::ai_sidebar                 > Show more button bounds check: click=(1603.0, 558.0), suggestion_top=366.0, suggestion_bottom=567.0, sidebar_x=1324.0
16:03:14.777  INFO   wezterm_gui::sidebar::ai_sidebar                 > Show more button clicked, showing modal
16:03:14.799  DEBUG  wezterm_gui::sidebar::ai_sidebar                 > Rendering activity log: 24 items filtered, 24 items rendered
16:03:14.842  DEBUG  wezterm_gui::sidebar::ai_sidebar                 > Rendering activity log: 24 items filtered, 24 items rendered
16:03:16.165  DEBUG  wezterm_gui::sidebar::ai_sidebar                 > Rendering activity log: 24 items filtered, 24 items rendered
16:03:16.218  DEBUG  wezterm_gui::sidebar::ai_sidebar                 > Rendering activity log: 24 items filtered, 24 items rendered
16:03:16.750  DEBUG  wezterm_gui::sidebar::ai_sidebar                 > Rendering activity log: 24 items filtered, 24 items rendered
16:03:16.947  DEBUG  wezterm_gui::sidebar::ai_sidebar                 > Rendering activity log: 24 items filtered, 24 items rendered
16:03:16.998  DEBUG  wezterm_gui::sidebar::ai_sidebar                 > Rendering activity log: 24 items filtered, 24 items rendered
16:03:17.082  DEBUG  wezterm_gui::sidebar::ai_sidebar                 > Rendering activity log: 24 items filtered, 24 items rendered
16:03:17.462  DEBUG  wezterm_gui::sidebar::ai_sidebar                 > Rendering activity log: 24 items filtered, 24 items rendered
16:21:59.186  DEBUG  wezterm_gui::sidebar::ai_sidebar                 > Rendering activity log: 24 items filtered, 24 items rendered
16:35:14.117  DEBUG  wezterm_gui::sidebar::ai_sidebar                 > Rendering activity log: 24 items filtered, 24 items rendered
16:35:14.191  DEBUG  wezterm_gui::sidebar::ai_sidebar                 > Rendering activity log: 24 items filtered, 24 items rendered
16:35:14.424  DEBUG  wezterm_gui::sidebar::ai_sidebar                 > Rendering activity log: 24 items filtered, 24 items rendered
